# JRE version: OpenJDK Runtime Environment (11.0.11+9) (build 11.0.11+9-b60-7590822)
# Java VM: OpenJDK 64-Bit Server VM (11.0.11+9-b60-7590822, mixed mode, tiered, compressed oops, g1 gc, windows-amd64)
Heap:
 garbage-first heap   total 230400K, used 135033K [0x0000000080000000, 0x0000000100000000)
  region size 1024K, 9 young (9216K), 1 survivors (1024K)
 Metaspace       used 117879K, capacity 121030K, committed 122060K, reserved 1155072K
  class space    used 14947K, capacity 16176K, committed 16588K, reserved 1048576K
GC Heap History (20 events):
Event: 113.118 GC heap before
{Heap before GC invocations=78 (full 0):
 garbage-first heap   total 172032K, used 136578K [0x0000000080000000, 0x0000000100000000)
  region size 1024K, 18 young (18432K), 1 survivors (1024K)
 Metaspace       used 105438K, capacity 108155K, committed 108364K, reserved 1142784K
  class space    used 13313K, capacity 14365K, committed 14412K, reserved 1048576K
}
Event: 113.125 GC heap after
{Heap after GC invocations=79 (full 0):
 garbage-first heap   total 172032K, used 121466K [0x0000000080000000, 0x0000000100000000)
  region size 1024K, 2 young (2048K), 2 survivors (2048K)
 Metaspace       used 105438K, capacity 108155K, committed 108364K, reserved 1142784K
  class space    used 13313K, capacity 14365K, committed 14412K, reserved 1048576K
}
Event: 113.841 GC heap before
{Heap before GC invocations=80 (full 0):
 garbage-first heap   total 172032K, used 138874K [0x0000000080000000, 0x0000000100000000)
  region size 1024K, 20 young (20480K), 2 survivors (2048K)
 Metaspace       used 108370K, capacity 111476K, committed 111692K, reserved 1146880K
  class space    used 13954K, capacity 15162K, committed 15180K, reserved 1048576K
}
Event: 113.848 GC heap after
{Heap after GC invocations=81 (full 0):
 garbage-first heap   total 172032K, used 122344K [0x0000000080000000, 0x0000000100000000)
  region size 1024K, 3 young (3072K), 3 survivors (3072K)
 Metaspace       used 108370K, capacity 111476K, committed 111692K, reserved 1146880K
  class space    used 13954K, capacity 15162K, committed 15180K, reserved 1048576K
}
Event: 114.001 GC heap before
{Heap before GC invocations=81 (full 0):
 garbage-first heap   total 172032K, used 126440K [0x0000000080000000, 0x0000000100000000)
  region size 1024K, 8 young (8192K), 3 survivors (3072K)
 Metaspace       used 109645K, capacity 112803K, committed 112972K, reserved 1146880K
  class space    used 14173K, capacity 15420K, committed 15436K, reserved 1048576K
}
Event: 114.063 GC heap after
{Heap after GC invocations=82 (full 0):
 garbage-first heap   total 172032K, used 117338K [0x0000000080000000, 0x0000000100000000)
  region size 1024K, 1 young (1024K), 1 survivors (1024K)
 Metaspace       used 109645K, capacity 112803K, committed 112972K, reserved 1146880K
  class space    used 14173K, capacity 15420K, committed 15436K, reserved 1048576K
}
Event: 114.396 GC heap before
{Heap before GC invocations=82 (full 0):
 garbage-first heap   total 172032K, used 137818K [0x0000000080000000, 0x0000000100000000)
  region size 1024K, 22 young (22528K), 1 survivors (1024K)
 Metaspace       used 112185K, capacity 115641K, committed 115788K, reserved 1148928K
  class space    used 14588K, capacity 15939K, committed 15948K, reserved 1048576K
}
Event: 114.405 GC heap after
{Heap after GC invocations=83 (full 0):
 garbage-first heap   total 172032K, used 118634K [0x0000000080000000, 0x0000000100000000)
  region size 1024K, 2 young (2048K), 2 survivors (2048K)
 Metaspace       used 112185K, capacity 115641K, committed 115788K, reserved 1148928K
  class space    used 14588K, capacity 15939K, committed 15948K, reserved 1048576K
}
Event: 114.909 GC heap before
{Heap before GC invocations=84 (full 0):
 garbage-first heap   total 172032K, used 138090K [0x0000000080000000, 0x0000000100000000)
  region size 1024K, 24 young (24576K), 2 survivors (2048K)
 Metaspace       used 112364K, capacity 115551K, committed 116428K, reserved 1148928K
  class space    used 14464K, capacity 15701K, committed 16076K, reserved 1048576K
}
Event: 114.925 GC heap after
{Heap after GC invocations=85 (full 0):
 garbage-first heap   total 172032K, used 119753K [0x0000000080000000, 0x0000000100000000)
  region size 1024K, 3 young (3072K), 3 survivors (3072K)
 Metaspace       used 112364K, capacity 115551K, committed 116428K, reserved 1148928K
  class space    used 14464K, capacity 15701K, committed 16076K, reserved 1048576K
}
Event: 114.961 GC heap before
{Heap before GC invocations=85 (full 0):
 garbage-first heap   total 172032K, used 124873K [0x0000000080000000, 0x0000000100000000)
  region size 1024K, 8 young (8192K), 3 survivors (3072K)
 Metaspace       used 112388K, capacity 115615K, committed 116684K, reserved 1150976K
  class space    used 14464K, capacity 15701K, committed 16076K, reserved 1048576K
}
Event: 114.970 GC heap after
{Heap after GC invocations=86 (full 0):
 garbage-first heap   total 172032K, used 120156K [0x0000000080000000, 0x0000000100000000)
  region size 1024K, 1 young (1024K), 1 survivors (1024K)
 Metaspace       used 112388K, capacity 115615K, committed 116684K, reserved 1150976K
  class space    used 14464K, capacity 15701K, committed 16076K, reserved 1048576K
}
Event: 115.358 GC heap before
{Heap before GC invocations=86 (full 0):
 garbage-first heap   total 172032K, used 141660K [0x0000000080000000, 0x0000000100000000)
  region size 1024K, 21 young (21504K), 1 survivors (1024K)
 Metaspace       used 113164K, capacity 116441K, committed 117324K, reserved 1150976K
  class space    used 14617K, capacity 15872K, committed 16204K, reserved 1048576K
}
Event: 115.376 GC heap after
{Heap after GC invocations=87 (full 0):
 garbage-first heap   total 172032K, used 129696K [0x0000000080000000, 0x0000000100000000)
  region size 1024K, 3 young (3072K), 3 survivors (3072K)
 Metaspace       used 113164K, capacity 116441K, committed 117324K, reserved 1150976K
  class space    used 14617K, capacity 15872K, committed 16204K, reserved 1048576K
}
Event: 115.850 GC heap before
{Heap before GC invocations=88 (full 0):
 garbage-first heap   total 172032K, used 143008K [0x0000000080000000, 0x0000000100000000)
  region size 1024K, 16 young (16384K), 3 survivors (3072K)
 Metaspace       used 113319K, capacity 116314K, committed 117580K, reserved 1150976K
  class space    used 14541K, capacity 15717K, committed 16204K, reserved 1048576K
}
Event: 115.865 GC heap after
{Heap after GC invocations=89 (full 0):
 garbage-first heap   total 172032K, used 131691K [0x0000000080000000, 0x0000000100000000)
  region size 1024K, 2 young (2048K), 2 survivors (2048K)
 Metaspace       used 113319K, capacity 116314K, committed 117580K, reserved 1150976K
  class space    used 14541K, capacity 15717K, committed 16204K, reserved 1048576K
}
Event: 116.187 GC heap before
{Heap before GC invocations=89 (full 0):
 garbage-first heap   total 172032K, used 152171K [0x0000000080000000, 0x0000000100000000)
  region size 1024K, 8 young (8192K), 2 survivors (2048K)
 Metaspace       used 114331K, capacity 117434K, committed 118476K, reserved 1150976K
  class space    used 14684K, capacity 15880K, committed 16332K, reserved 1048576K
}
Event: 116.203 GC heap after
{Heap after GC invocations=90 (full 0):
 garbage-first heap   total 172032K, used 128920K [0x0000000080000000, 0x0000000100000000)
  region size 1024K, 1 young (1024K), 1 survivors (1024K)
 Metaspace       used 114331K, capacity 117434K, committed 118476K, reserved 1150976K
  class space    used 14684K, capacity 15880K, committed 16332K, reserved 1048576K
}
Event: 116.592 GC heap before
{Heap before GC invocations=90 (full 0):
 garbage-first heap   total 172032K, used 141208K [0x0000000080000000, 0x0000000100000000)
  region size 1024K, 14 young (14336K), 1 survivors (1024K)
 Metaspace       used 116984K, capacity 120170K, committed 121292K, reserved 1155072K
  class space    used 14889K, capacity 16107K, committed 16588K, reserved 1048576K
}
Event: 116.601 GC heap after
{Heap after GC invocations=91 (full 0):
 garbage-first heap   total 230400K, used 128889K [0x0000000080000000, 0x0000000100000000)
  region size 1024K, 1 young (1024K), 1 survivors (1024K)
 Metaspace       used 116984K, capacity 120170K, committed 121292K, reserved 1155072K
  class space    used 14889K, capacity 16107K, committed 16588K, reserved 1048576K
}

